2021-05-15 17:56:30,324 INFO my_server  start connection!
2021-05-15 17:56:38,214 INFO my_server  start user_authenticate!
2021-05-15 17:56:38,214 INFO my_server  authenticate completed!
2021-05-15 17:56:38,215 INFO my_server  start message_to_user!
2021-05-15 17:56:38,215 INFO my_server  message send!
2021-05-15 17:56:38,216 INFO my_server  start message_to_user!
2021-05-15 17:56:38,216 INFO my_server  message send!
2021-05-15 17:57:49,128 INFO my_server  start connection!
2021-05-15 17:57:49,128 INFO my_server  start connection!
2021-05-15 17:57:52,492 INFO my_server  start user_authenticate!
2021-05-15 17:57:52,492 INFO my_server  start user_authenticate!
2021-05-15 17:57:52,492 INFO my_server  authenticate completed!
2021-05-15 17:57:52,492 INFO my_server  authenticate completed!
2021-05-15 17:57:52,494 INFO my_server  start message_to_user!
2021-05-15 17:57:52,494 INFO my_server  start message_to_user!
2021-05-15 17:57:52,494 INFO my_server  message send!
2021-05-15 17:57:52,494 INFO my_server  message send!
2021-05-15 17:57:52,495 INFO my_server  start message_to_user!
2021-05-15 17:57:52,495 INFO my_server  start message_to_user!
2021-05-15 17:57:52,495 INFO my_server  message send!
2021-05-15 17:57:52,495 INFO my_server  message send!
2021-05-15 17:58:05,375 INFO my_server  start connection!
2021-05-15 17:58:05,375 INFO my_server  start connection!
2021-05-15 17:58:06,837 INFO my_server  start user_authenticate!
2021-05-15 17:58:06,837 INFO my_server  start user_authenticate!
2021-05-15 17:58:06,837 INFO my_server  authenticate completed!
2021-05-15 17:58:06,837 INFO my_server  authenticate completed!
2021-05-15 17:58:06,837 INFO my_server  start message_to_user!
2021-05-15 17:58:06,837 INFO my_server  start message_to_user!
2021-05-15 17:58:06,838 INFO my_server  message send!
2021-05-15 17:58:06,838 INFO my_server  message send!
2021-05-15 17:58:06,838 INFO my_server  start message_to_user!
2021-05-15 17:58:06,838 INFO my_server  start message_to_user!
2021-05-15 17:58:06,838 INFO my_server  message send!
2021-05-15 17:58:06,838 INFO my_server  message send!
2021-05-15 19:02:30,087 INFO my_server  start connection!
2021-05-15 19:02:30,087 INFO my_server  start connection!
2021-05-15 19:03:37,374 INFO my_server  start user_authenticate!
2021-05-15 19:03:37,374 INFO my_server  start user_authenticate!
2021-05-15 19:03:37,374 INFO my_server  authenticate completed!
2021-05-15 19:03:37,374 INFO my_server  authenticate completed!
2021-05-15 19:03:37,375 INFO my_server  start message_to_user!
2021-05-15 19:03:37,375 INFO my_server  start message_to_user!
2021-05-15 19:03:37,375 INFO my_server  message send!
2021-05-15 19:03:37,375 INFO my_server  message send!
2021-05-15 19:03:37,375 INFO my_server  start message_to_user!
2021-05-15 19:03:37,375 INFO my_server  start message_to_user!
2021-05-15 19:03:37,376 INFO my_server  message send!
2021-05-15 19:03:37,376 INFO my_server  message send!
2021-05-15 19:08:36,269 INFO my_server  start connection!
2021-05-15 19:08:36,269 INFO my_server  start connection!
2021-05-16 19:57:58,277 INFO my_server  start connection!
2021-05-16 19:58:21,536 INFO my_server  start connection!
2021-05-16 19:58:21,536 INFO my_server  start connection!
2021-05-16 19:58:26,388 INFO my_server  start connection!
2021-05-16 19:58:26,388 INFO my_server  start connection!
2021-05-16 19:58:34,516 INFO my_server  start user_authenticate!
2021-05-16 19:58:34,516 INFO my_server  start user_authenticate!
2021-05-16 19:58:34,517 INFO my_server  authenticate completed!
2021-05-16 19:58:34,517 INFO my_server  authenticate completed!
2021-05-16 19:58:34,517 INFO my_server  start message_to_user!
2021-05-16 19:58:34,517 INFO my_server  start message_to_user!
2021-05-16 19:58:34,518 INFO my_server  message send!
2021-05-16 19:58:34,518 INFO my_server  message send!
2021-05-16 19:58:34,518 INFO my_server  start message_to_user!
2021-05-16 19:58:34,518 INFO my_server  start message_to_user!
2021-05-16 19:58:34,518 INFO my_server  message send!
2021-05-16 19:58:34,518 INFO my_server  message send!
2021-05-16 19:59:32,290 INFO my_server  start user_authenticate!
2021-05-16 19:59:32,290 INFO my_server  start user_authenticate!
2021-05-16 19:59:32,290 INFO my_server  authenticate completed!
2021-05-16 19:59:32,290 INFO my_server  authenticate completed!
2021-05-16 19:59:32,291 INFO my_server  start message_to_user!
2021-05-16 19:59:32,291 INFO my_server  start message_to_user!
2021-05-16 19:59:32,291 INFO my_server  message send!
2021-05-16 19:59:32,291 INFO my_server  message send!
2021-05-16 19:59:32,291 INFO my_server  start message_to_user!
2021-05-16 19:59:32,291 INFO my_server  start message_to_user!
2021-05-16 19:59:32,291 INFO my_server  message send!
2021-05-16 19:59:32,291 INFO my_server  message send!
2021-05-16 20:14:14,473 INFO my_server  start user_authenticate!
2021-05-16 20:14:14,473 INFO my_server  start user_authenticate!
2021-05-16 20:14:14,473 INFO my_server  authenticate completed!
2021-05-16 20:14:14,473 INFO my_server  authenticate completed!
2021-05-16 20:14:38,459 INFO my_server  start connection!
2021-05-16 20:14:38,459 INFO my_server  start connection!
2021-05-16 20:14:40,391 INFO my_server  start user_authenticate!
2021-05-16 20:14:40,391 INFO my_server  start user_authenticate!
2021-05-16 20:14:40,391 INFO my_server  authenticate completed!
2021-05-16 20:14:40,391 INFO my_server  authenticate completed!
2021-05-16 20:14:40,392 INFO my_server  start message_to_user!
2021-05-16 20:14:40,392 INFO my_server  start message_to_user!
2021-05-16 20:14:40,392 INFO my_server  message send!
2021-05-16 20:14:40,392 INFO my_server  message send!
2021-05-16 20:14:40,392 INFO my_server  start message_to_user!
2021-05-16 20:14:40,392 INFO my_server  start message_to_user!
2021-05-16 20:14:40,393 INFO my_server  message send!
2021-05-16 20:14:40,393 INFO my_server  message send!
2021-05-16 20:20:29,628 INFO my_server  start user_authenticate!
2021-05-16 20:20:29,628 INFO my_server  start user_authenticate!
2021-05-16 20:20:29,629 INFO my_server  authenticate completed!
2021-05-16 20:20:29,629 INFO my_server  authenticate completed!
2021-05-16 20:20:29,629 INFO my_server  start message_to_user!
2021-05-16 20:20:29,629 INFO my_server  start message_to_user!
2021-05-16 20:20:29,629 INFO my_server  message send!
2021-05-16 20:20:29,629 INFO my_server  message send!
2021-05-16 20:20:29,630 INFO my_server  start message_to_user!
2021-05-16 20:20:29,630 INFO my_server  start message_to_user!
2021-05-16 20:20:29,630 INFO my_server  message send!
2021-05-16 20:20:29,630 INFO my_server  message send!
2021-05-16 20:23:17,244 INFO my_server  start connection!
2021-05-16 20:23:17,244 INFO my_server  start connection!
2021-05-16 20:23:19,027 INFO my_server  start user_authenticate!
2021-05-16 20:23:19,027 INFO my_server  start user_authenticate!
2021-05-16 20:23:19,027 INFO my_server  authenticate completed!
2021-05-16 20:23:19,027 INFO my_server  authenticate completed!
2021-05-16 20:23:19,028 INFO my_server  start message_to_user!
2021-05-16 20:23:19,028 INFO my_server  start message_to_user!
2021-05-16 20:23:19,028 INFO my_server  message send!
2021-05-16 20:23:19,028 INFO my_server  message send!
2021-05-16 20:23:19,028 INFO my_server  start message_to_user!
2021-05-16 20:23:19,028 INFO my_server  start message_to_user!
2021-05-16 20:23:19,028 INFO my_server  message send!
2021-05-16 20:23:19,028 INFO my_server  message send!
2021-05-16 20:23:51,456 INFO my_server  start user_authenticate!
2021-05-16 20:23:51,456 INFO my_server  start user_authenticate!
2021-05-16 20:23:51,456 INFO my_server  authenticate completed!
2021-05-16 20:23:51,456 INFO my_server  authenticate completed!
2021-05-16 20:23:51,457 INFO my_server  start message_to_user!
2021-05-16 20:23:51,457 INFO my_server  start message_to_user!
2021-05-16 20:23:51,457 INFO my_server  message send!
2021-05-16 20:23:51,457 INFO my_server  message send!
2021-05-16 20:23:51,457 INFO my_server  start message_to_user!
2021-05-16 20:23:51,457 INFO my_server  start message_to_user!
2021-05-16 20:23:51,457 INFO my_server  message send!
2021-05-16 20:23:51,457 INFO my_server  message send!
2021-05-16 20:25:15,238 INFO my_server  start user_authenticate!
2021-05-16 20:25:15,238 INFO my_server  start user_authenticate!
2021-05-16 20:25:15,238 INFO my_server  authenticate completed!
2021-05-16 20:25:15,238 INFO my_server  authenticate completed!
2021-05-16 20:25:15,239 INFO my_server  start message_to_user!
2021-05-16 20:25:15,239 INFO my_server  start message_to_user!
2021-05-16 20:25:15,239 INFO my_server  message send!
2021-05-16 20:25:15,239 INFO my_server  message send!
2021-05-16 20:25:15,240 INFO my_server  start message_to_user!
2021-05-16 20:25:15,240 INFO my_server  start message_to_user!
2021-05-16 20:25:15,240 INFO my_server  message send!
2021-05-16 20:25:15,240 INFO my_server  message send!
2021-05-16 20:25:34,833 INFO my_server  start user_authenticate!
2021-05-16 20:25:34,833 INFO my_server  start user_authenticate!
2021-05-16 20:25:34,834 INFO my_server  authenticate completed!
2021-05-16 20:25:34,834 INFO my_server  authenticate completed!
2021-05-16 20:25:34,834 INFO my_server  start message_to_user!
2021-05-16 20:25:34,834 INFO my_server  start message_to_user!
2021-05-16 20:25:34,834 INFO my_server  message send!
2021-05-16 20:25:34,834 INFO my_server  message send!
2021-05-16 20:25:34,835 INFO my_server  start message_to_user!
2021-05-16 20:25:34,835 INFO my_server  start message_to_user!
2021-05-16 20:25:34,835 INFO my_server  message send!
2021-05-16 20:25:34,835 INFO my_server  message send!
2021-05-16 20:28:16,240 INFO my_server  start user_authenticate!
2021-05-16 20:28:16,240 INFO my_server  start user_authenticate!
2021-05-16 20:28:16,240 INFO my_server  authenticate completed!
2021-05-16 20:28:16,240 INFO my_server  authenticate completed!
2021-05-16 20:28:16,241 INFO my_server  start message_to_user!
2021-05-16 20:28:16,241 INFO my_server  start message_to_user!
2021-05-16 20:28:16,241 INFO my_server  message send!
2021-05-16 20:28:16,241 INFO my_server  message send!
2021-05-16 20:28:16,242 INFO my_server  start message_to_user!
2021-05-16 20:28:16,242 INFO my_server  start message_to_user!
2021-05-16 20:28:16,242 INFO my_server  message send!
2021-05-16 20:28:16,242 INFO my_server  message send!
2021-05-16 20:28:36,277 INFO my_server  start user_authenticate!
2021-05-16 20:28:36,277 INFO my_server  start user_authenticate!
2021-05-16 20:28:36,278 INFO my_server  authenticate completed!
2021-05-16 20:28:36,278 INFO my_server  authenticate completed!
2021-05-16 20:28:36,278 INFO my_server  start message_to_user!
2021-05-16 20:28:36,278 INFO my_server  start message_to_user!
2021-05-16 20:28:36,278 INFO my_server  message send!
2021-05-16 20:28:36,278 INFO my_server  message send!
2021-05-16 20:28:36,279 INFO my_server  start message_to_user!
2021-05-16 20:28:36,279 INFO my_server  start message_to_user!
2021-05-16 20:28:36,279 INFO my_server  message send!
2021-05-16 20:28:36,279 INFO my_server  message send!
2021-05-16 20:31:19,909 INFO my_server  start connection!
2021-05-16 20:31:19,909 INFO my_server  start connection!
2021-05-16 20:31:28,683 INFO my_server  start user_authenticate!
2021-05-16 20:31:28,683 INFO my_server  start user_authenticate!
2021-05-16 20:31:28,684 INFO my_server  authenticate completed!
2021-05-16 20:31:28,684 INFO my_server  authenticate completed!
2021-05-16 20:31:28,684 INFO my_server  start message_to_user!
2021-05-16 20:31:28,684 INFO my_server  start message_to_user!
2021-05-16 20:31:28,685 INFO my_server  message send!
2021-05-16 20:31:28,685 INFO my_server  message send!
2021-05-16 20:31:28,685 INFO my_server  start message_to_user!
2021-05-16 20:31:28,685 INFO my_server  start message_to_user!
2021-05-16 20:31:28,685 INFO my_server  message send!
2021-05-16 20:31:28,685 INFO my_server  message send!
2021-05-16 20:31:59,505 INFO my_server  start user_authenticate!
2021-05-16 20:31:59,505 INFO my_server  start user_authenticate!
2021-05-16 20:31:59,505 INFO my_server  authenticate completed!
2021-05-16 20:31:59,505 INFO my_server  authenticate completed!
2021-05-16 20:31:59,506 INFO my_server  start message_to_user!
2021-05-16 20:31:59,506 INFO my_server  start message_to_user!
2021-05-16 20:31:59,506 INFO my_server  message send!
2021-05-16 20:31:59,506 INFO my_server  message send!
2021-05-16 20:31:59,506 INFO my_server  start message_to_user!
2021-05-16 20:31:59,506 INFO my_server  start message_to_user!
2021-05-16 20:31:59,506 INFO my_server  message send!
2021-05-16 20:31:59,506 INFO my_server  message send!
2021-05-16 20:32:20,735 INFO my_server  start connection!
2021-05-16 20:32:20,735 INFO my_server  start connection!
2021-05-16 20:32:22,269 INFO my_server  start user_authenticate!
2021-05-16 20:32:22,269 INFO my_server  start user_authenticate!
2021-05-16 20:32:22,269 INFO my_server  authenticate completed!
2021-05-16 20:32:22,269 INFO my_server  authenticate completed!
2021-05-16 20:32:22,270 INFO my_server  start message_to_user!
2021-05-16 20:32:22,270 INFO my_server  start message_to_user!
2021-05-16 20:32:22,270 INFO my_server  message send!
2021-05-16 20:32:22,270 INFO my_server  message send!
2021-05-16 20:32:22,270 INFO my_server  start message_to_user!
2021-05-16 20:32:22,270 INFO my_server  start message_to_user!
2021-05-16 20:32:22,270 INFO my_server  message send!
2021-05-16 20:32:22,270 INFO my_server  message send!
