2021-05-15 17:56:30,324 INFO my_server  start connection!
2021-05-15 17:56:38,214 INFO my_server  start user_authenticate!
2021-05-15 17:56:38,214 INFO my_server  authenticate completed!
2021-05-15 17:56:38,215 INFO my_server  start message_to_user!
2021-05-15 17:56:38,215 INFO my_server  message send!
2021-05-15 17:56:38,216 INFO my_server  start message_to_user!
2021-05-15 17:56:38,216 INFO my_server  message send!
2021-05-15 17:57:49,128 INFO my_server  start connection!
2021-05-15 17:57:52,492 INFO my_server  start user_authenticate!
2021-05-15 17:57:52,492 INFO my_server  authenticate completed!
2021-05-15 17:57:52,494 INFO my_server  start message_to_user!
2021-05-15 17:57:52,494 INFO my_server  message send!
2021-05-15 17:57:52,495 INFO my_server  start message_to_user!
2021-05-15 17:57:52,495 INFO my_server  message send!
2021-05-15 17:58:05,375 INFO my_server  start connection!
2021-05-15 17:58:06,837 INFO my_server  start user_authenticate!
2021-05-15 17:58:06,837 INFO my_server  authenticate completed!
2021-05-15 17:58:06,837 INFO my_server  start message_to_user!
2021-05-15 17:58:06,838 INFO my_server  message send!
2021-05-15 17:58:06,838 INFO my_server  start message_to_user!
2021-05-15 17:58:06,838 INFO my_server  message send!
